"QUERY PLAN"
"Limit  (cost=5983.08..5983.08 rows=1 width=13) (actual time=34.838..37.916 rows=1 loops=1)"
"  ->  Sort  (cost=5983.08..5983.12 rows=16 width=13) (actual time=34.837..37.914 rows=1 loops=1)"
"        Sort Key: (count(*)) DESC"
"        Sort Method: top-N heapsort  Memory: 25kB"
        ->  Finalize GroupAggregate  (cost=5976.85..5983.00 rows=16 width=13) (actual time=33.698..37.904 rows=12 loops=1)
"              Group Key: air_force"
              ->  Gather Merge  (cost=5976.85..5982.68 rows=32 width=13) (actual time=33.661..37.891 rows=12 loops=1)
"                    Workers Planned: 2"
"                    Workers Launched: 2"
"                    ->  Partial GroupAggregate  (cost=4976.83..4978.96 rows=16 width=13) (actual time=7.999..8.384 rows=4 loops=3)"
"                          Group Key: air_force"
"                          ->  Sort  (cost=4976.83..4977.48 rows=263 width=5) (actual time=7.966..8.109 rows=5875 loops=3)"
"                                Sort Key: air_force"
"                                Sort Method: quicksort  Memory: 769kB"
"                                Worker 0:  Sort Method: quicksort  Memory: 25kB"
"                                Worker 1:  Sort Method: quicksort  Memory: 25kB"
"                                ->  Parallel Seq Scan on mission  (cost=0.00..4966.26 rows=263 width=5) (actual time=0.012..6.906 rows=5875 loops=3)"
"                                      Filter: ((air_force IS NOT NULL) AND (EXTRACT(year FROM mission_date) = '1943'::numeric))"
"                                      Rows Removed by Filter: 53552"
"Planning Time: 0.154 ms"
"Execution Time: 38.077 ms"
