"QUERY PLAN"
"Limit  (cost=2140.34..2140.34 rows=1 width=13) (actual time=4.223..4.225 rows=1 loops=1)"
"  ->  Sort  (cost=2140.34..2140.38 rows=16 width=13) (actual time=4.222..4.223 rows=1 loops=1)"
"        Sort Key: (count(*)) DESC"
"        Sort Method: top-N heapsort  Memory: 25kB"
"        ->  HashAggregate  (cost=2140.10..2140.26 rows=16 width=13) (actual time=4.214..4.216 rows=12 loops=1)"
"              Group Key: air_force"
"              Batches: 1  Memory Usage: 24kB"
"              ->  Bitmap Heap Scan on mission  (cost=19.26..2136.94 rows=632 width=5) (actual time=0.561..2.580 rows=17625 loops=1)"
"                    Recheck Cond: (EXTRACT(year FROM mission_date) = '1943'::numeric)"
"                    Filter: (air_force IS NOT NULL)"
"                    Rows Removed by Filter: 5589"
"                    Heap Blocks: exact=949"
"                    ->  Bitmap Index Scan on idx_mission_date_year  (cost=0.00..19.10 rows=891 width=0) (actual time=0.485..0.486 rows=23214 loops=1)"
"                          Index Cond: (EXTRACT(year FROM mission_date) = '1943'::numeric)"
"Planning Time: 1.414 ms"
"Execution Time: 4.258 ms"
