"QUERY PLAN"
"Limit  (cost=5783.15..5783.15 rows=1 width=61) (actual time=32.644..37.127 rows=1 loops=1)"
"  ->  Sort  (cost=5783.15..5783.19 rows=18 width=61) (actual time=32.642..37.124 rows=1 loops=1)"
"        Sort Key: (count(bomb_damage_assessment)) DESC"
"        Sort Method: top-N heapsort  Memory: 25kB"
"        ->  Finalize GroupAggregate  (cost=5780.69..5783.06 rows=18 width=61) (actual time=32.610..37.113 rows=21 loops=1)"
"              Group Key: target_country, bomb_damage_assessment"
"              ->  Gather Merge  (cost=5780.69..5782.72 rows=16 width=61) (actual time=32.598..37.094 rows=21 loops=1)"
"                    Workers Planned: 2"
"                    Workers Launched: 2"
"                    ->  Partial GroupAggregate  (cost=4780.67..4780.85 rows=8 width=61) (actual time=11.038..11.043 rows=7 loops=3)"
"                          Group Key: target_country, bomb_damage_assessment"
"                          ->  Sort  (cost=4780.67..4780.69 rows=8 width=45) (actual time=11.032..11.033 rows=11 loops=3)"
"                                Sort Key: target_country, bomb_damage_assessment"
"                                Sort Method: quicksort  Memory: 26kB"
"                                Worker 0:  Sort Method: quicksort  Memory: 25kB"
"                                Worker 1:  Sort Method: quicksort  Memory: 25kB"
"                                ->  Parallel Seq Scan on mission  (cost=0.00..4780.55 rows=8 width=45) (actual time=6.661..10.905 rows=11 loops=3)"
"                                      Filter: ((bomb_damage_assessment IS NOT NULL) AND (airborne_aircraft > '5'::numeric))"
"                                      Rows Removed by Filter: 59416"
"Planning Time: 0.278 ms"
"Execution Time: 37.217 ms"
