"QUERY PLAN"
"Limit  (cost=1549.93..1549.93 rows=1 width=61) (actual time=12.155..12.157 rows=1 loops=1)"
"  ->  Sort  (cost=1549.93..1549.98 rows=18 width=61) (actual time=12.153..12.154 rows=1 loops=1)"
"        Sort Key: (count(bomb_damage_assessment)) DESC"
"        Sort Method: top-N heapsort  Memory: 25kB"
"        ->  GroupAggregate  (cost=1549.44..1549.84 rows=18 width=61) (actual time=12.128..12.142 rows=21 loops=1)"
"              Group Key: target_country, bomb_damage_assessment"
"              ->  Sort  (cost=1549.44..1549.48 rows=18 width=45) (actual time=12.115..12.118 rows=32 loops=1)"
"                    Sort Key: target_country, bomb_damage_assessment"
"                    Sort Method: quicksort  Memory: 26kB"
"                    ->  Index Only Scan using idx_mission_bomb_damage_airborne on mission  (cost=0.42..1549.06 rows=18 width=45) (actual time=0.076..12.045 rows=32 loops=1)"
"                          Index Cond: ((airborne_aircraft > '5'::numeric) AND (bomb_damage_assessment IS NOT NULL))"
"                          Heap Fetches: 0"
"Planning Time: 1.419 ms"
"Execution Time: 12.232 ms"
